\BOOKMARK [0][-]{chapter.1}{Introdu\347\343o}{}% 1
\BOOKMARK [1][-]{section.1.1}{Web Sem\342ntica}{chapter.1}% 2
\BOOKMARK [2][-]{subsection.1.1.1}{Aplica\347\365es}{section.1.1}% 3
\BOOKMARK [3][-]{subsubsection.1.1.1.1}{Gerenciamento de Conhecimento}{subsection.1.1.1}% 4
\BOOKMARK [3][-]{subsubsection.1.1.1.2}{Com\351rcio eletr\364nico Business to Consumer \(B2C\)}{subsection.1.1.1}% 5
\BOOKMARK [3][-]{subsubsection.1.1.1.3}{Com\351rcio eletr\364nico Business to Business \(B2B\) e agentes pessoais}{subsection.1.1.1}% 6
\BOOKMARK [2][-]{subsection.1.1.2}{Tecnologias}{section.1.1}% 7
\BOOKMARK [3][-]{subsubsection.1.1.2.1}{Metadados Expl\355citos}{subsection.1.1.2}% 8
\BOOKMARK [3][-]{subsubsection.1.1.2.2}{Ontologias}{subsection.1.1.2}% 9
\BOOKMARK [3][-]{subsubsection.1.1.2.3}{L\363gica}{subsection.1.1.2}% 10
\BOOKMARK [3][-]{subsubsection.1.1.2.4}{Agentes}{subsection.1.1.2}% 11
\BOOKMARK [1][-]{section.1.2}{Organiza\347\343o da Monografia}{chapter.1}% 12
\BOOKMARK [0][-]{chapter.2}{L\363gica de Descri\347\343o ALC}{}% 13
\BOOKMARK [1][-]{section.2.1}{Sintaxe da L\363gica de Descri\347\343o}{chapter.2}% 14
\BOOKMARK [1][-]{section.2.2}{OWL: Web Ontology Language}{chapter.2}% 15
\BOOKMARK [2][-]{subsection.2.2.1}{OWL Full}{section.2.2}% 16
\BOOKMARK [2][-]{subsection.2.2.2}{OWL DL}{section.2.2}% 17
\BOOKMARK [2][-]{subsection.2.2.3}{OWL Lite}{section.2.2}% 18
\BOOKMARK [0][-]{chapter.3}{Normaliza\347\343o para o m\351todo das conex\365es}{}% 19
\BOOKMARK [1][-]{section.3.1}{Tradu\347\343o de ontologias ALC para forma normal disjuntiva}{chapter.3}% 20
\BOOKMARK [2][-]{subsection.3.1.1}{Algoritmo Proposto}{section.3.1}% 21
\BOOKMARK [2][-]{subsection.3.1.2}{Algoritmo Original}{section.3.1}% 22
\BOOKMARK [0][-]{chapter.4}{leanCoP}{}% 23
\BOOKMARK [0][-]{chapter.5}{Conclus\343o e trabalhos futuros}{}% 24
\BOOKMARK [1][-]{section.5.1}{Conclus\343o}{chapter.5}% 25
\BOOKMARK [1][-]{section.5.2}{Trabalhos futuros}{chapter.5}% 26
