\BOOKMARK [0][-]{chapter.1}{Introdu\347\343o}{}% 1
\BOOKMARK [1][-]{section.1.1}{Web Sem\342ntica}{chapter.1}% 2
\BOOKMARK [2][-]{subsection.1.1.1}{Aplica\347\365es}{section.1.1}% 3
\BOOKMARK [3][-]{subsubsection.1.1.1.1}{Gerenciamento de Conhecimento}{subsection.1.1.1}% 4
\BOOKMARK [3][-]{subsubsection.1.1.1.2}{Com\351rcio eletr\364nico Business to Consumer \(B2C\)}{subsection.1.1.1}% 5
\BOOKMARK [3][-]{subsubsection.1.1.1.3}{Com\351rcio eletr\364nico Business to Business \(B2B\) e agentes pessoais}{subsection.1.1.1}% 6
\BOOKMARK [2][-]{subsection.1.1.2}{Tecnologias}{section.1.1}% 7
\BOOKMARK [3][-]{subsubsection.1.1.2.1}{Metadados Expl\355citos}{subsection.1.1.2}% 8
\BOOKMARK [3][-]{subsubsection.1.1.2.2}{Ontologias}{subsection.1.1.2}% 9
\BOOKMARK [3][-]{subsubsection.1.1.2.3}{L\363gica}{subsection.1.1.2}% 10
\BOOKMARK [3][-]{subsubsection.1.1.2.4}{Agentes}{subsection.1.1.2}% 11
\BOOKMARK [1][-]{section.1.2}{Organiza\347\343o da Disserta\347\343o}{chapter.1}% 12
\BOOKMARK [0][-]{chapter.2}{First-Order Logic Preliminaries}{}% 13
\BOOKMARK [1][-]{section.2.1}{Definition 1 \(First-order logic syntax\).}{chapter.2}% 14
\BOOKMARK [0][-]{chapter.3}{The Description Logic ALC}{}% 15
\BOOKMARK [1][-]{section.3.1}{Definition 1 \(First-order logic syntax\).}{chapter.3}% 16
\BOOKMARK [0][-]{chapter.4}{Translation of ALC Ontologies into a First Order, Disjunctive Normal Form using Matrices}{}% 17
\BOOKMARK [1][-]{section.4.1}{Definition 1 \(First-order logic syntax\).}{chapter.4}% 18
\BOOKMARK [0][-]{chapter.5}{Conclus\343o}{}% 19
\BOOKMARK [1][-]{section.5.1}{Definition 1 \(First-order logic syntax\).}{chapter.5}% 20
